<?xml version="1.0" encoding="UTF-8"?>
<!-- Generated by org.testng.reporters.JUnitReportReporter -->
<testsuite hostname="IN-9GGS0F3" failures="0" tests="1" name="com.flipkart.Flipkart_Automation.TestClass" time="10.660" errors="0" timestamp="2024-02-29T15:50:14 IST" skipped="0">
  <testcase classname="com.flipkart.Flipkart_Automation.TestClass" name="testRequestOTPWithValidUsername" time="10.660"/>
</testsuite> <!-- com.flipkart.Flipkart_Automation.TestClass -->
