<?xml version="1.0" encoding="UTF-8"?>
<!-- Generated by org.testng.reporters.JUnitReportReporter -->
<testsuite hostname="IN-3BC9BK3" failures="0" tests="1" name="com.flipkart.Flipkart_Automation.ProductViewTest" time="12.850" errors="0" timestamp="2024-03-19T15:23:13 IST" skipped="0">
  <testcase classname="com.flipkart.Flipkart_Automation.ProductViewTest" name="testViewProductView" time="12.850"/>
</testsuite> <!-- com.flipkart.Flipkart_Automation.ProductViewTest -->
